<?xml version="1.0" encoding="UTF-8"?>
<coverage generated="1621249666442" clover="3.2.0">
  <project timestamp="1621249666442" name="All files">
    <metrics statements="51" coveredstatements="44" conditionals="2" coveredconditionals="2" methods="22" coveredmethods="21" elements="75" coveredelements="67" complexity="0" loc="51" ncloc="51" packages="6" files="8" classes="8"/>
    <package name="src">
      <metrics statements="2" coveredstatements="2" conditionals="0" coveredconditionals="0" methods="0" coveredmethods="0"/>
      <file name="App.vue" path="C:\Users\shakstiw\Documents\TvShowAssessment-Shakshi\tvshow\src\App.vue">
        <metrics statements="2" coveredstatements="2" conditionals="0" coveredconditionals="0" methods="0" coveredmethods="0"/>
        <line num="10" count="1" type="stmt"/>
        <line num="11" count="1" type="stmt"/>
      </file>
    </package>
    <package name="src.components">
      <metrics statements="22" coveredstatements="17" conditionals="0" coveredconditionals="0" methods="8" coveredmethods="7"/>
      <file name="ShowCast.vue" path="C:\Users\shakstiw\Documents\TvShowAssessment-Shakshi\tvshow\src\components\ShowCast.vue">
        <metrics statements="1" coveredstatements="1" conditionals="0" coveredconditionals="0" methods="1" coveredmethods="1"/>
        <line num="28" count="2" type="stmt"/>
      </file>
      <file name="ShowDetails.vue" path="C:\Users\shakstiw\Documents\TvShowAssessment-Shakshi\tvshow\src\components\ShowDetails.vue">
        <metrics statements="14" coveredstatements="12" conditionals="0" coveredconditionals="0" methods="4" coveredmethods="4"/>
        <line num="103" count="1" type="stmt"/>
        <line num="104" count="1" type="stmt"/>
        <line num="112" count="3" type="stmt"/>
        <line num="121" count="3" type="stmt"/>
        <line num="122" count="3" type="stmt"/>
        <line num="123" count="3" type="stmt"/>
        <line num="124" count="3" type="stmt"/>
        <line num="126" count="0" type="stmt"/>
        <line num="131" count="3" type="stmt"/>
        <line num="132" count="3" type="stmt"/>
        <line num="133" count="3" type="stmt"/>
        <line num="135" count="0" type="stmt"/>
        <line num="140" count="3" type="stmt"/>
        <line num="141" count="3" type="stmt"/>
      </file>
      <file name="ShowSearch.vue" path="C:\Users\shakstiw\Documents\TvShowAssessment-Shakshi\tvshow\src\components\ShowSearch.vue">
        <metrics statements="7" coveredstatements="4" conditionals="0" coveredconditionals="0" methods="3" coveredmethods="2"/>
        <line num="51" count="2" type="stmt"/>
        <line num="52" count="2" type="stmt"/>
        <line num="58" count="7" type="stmt"/>
        <line num="66" count="1" type="stmt"/>
        <line num="67" count="0" type="stmt"/>
        <line num="70" count="0" type="stmt"/>
        <line num="71" count="0" type="stmt"/>
      </file>
    </package>
    <package name="src.router">
      <metrics statements="3" coveredstatements="3" conditionals="0" coveredconditionals="0" methods="0" coveredmethods="0"/>
      <file name="index.js" path="C:\Users\shakstiw\Documents\TvShowAssessment-Shakshi\tvshow\src\router\index.js">
        <metrics statements="3" coveredstatements="3" conditionals="0" coveredconditionals="0" methods="0" coveredmethods="0"/>
        <line num="8" count="1" type="stmt"/>
        <line num="10" count="1" type="stmt"/>
        <line num="33" count="1" type="stmt"/>
      </file>
    </package>
    <package name="src.services">
      <metrics statements="4" coveredstatements="4" conditionals="0" coveredconditionals="0" methods="4" coveredmethods="4"/>
      <file name="tvshow.service.js" path="C:\Users\shakstiw\Documents\TvShowAssessment-Shakshi\tvshow\src\services\tvshow.service.js">
        <metrics statements="4" coveredstatements="4" conditionals="0" coveredconditionals="0" methods="4" coveredmethods="4"/>
        <line num="4" count="5" type="stmt"/>
        <line num="7" count="4" type="stmt"/>
        <line num="10" count="3" type="stmt"/>
        <line num="13" count="2" type="stmt"/>
      </file>
    </package>
    <package name="src.views">
      <metrics statements="13" coveredstatements="11" conditionals="2" coveredconditionals="2" methods="10" coveredmethods="10"/>
      <file name="Home.vue" path="C:\Users\shakstiw\Documents\TvShowAssessment-Shakshi\tvshow\src\views\Home.vue">
        <metrics statements="13" coveredstatements="11" conditionals="2" coveredconditionals="2" methods="10" coveredmethods="10"/>
        <line num="36" count="2" type="stmt"/>
        <line num="37" count="2" type="stmt"/>
        <line num="41" count="4" type="stmt"/>
        <line num="51" count="8" type="stmt"/>
        <line num="54" count="5" type="stmt"/>
        <line num="57" count="5" type="stmt"/>
        <line num="58" count="3" type="stmt"/>
        <line num="60" count="9" type="stmt"/>
        <line num="68" count="4" type="stmt"/>
        <line num="69" count="0" type="stmt"/>
        <line num="70" count="0" type="stmt"/>
        <line num="73" count="10" type="cond" truecount="2" falsecount="0"/>
        <line num="81" count="4" type="stmt"/>
      </file>
    </package>
    <package name="tests.unit">
      <metrics statements="7" coveredstatements="7" conditionals="0" coveredconditionals="0" methods="0" coveredmethods="0"/>
      <file name="testmockdata.js" path="C:\Users\shakstiw\Documents\TvShowAssessment-Shakshi\tvshow\tests\unit\testmockdata.js">
        <metrics statements="7" coveredstatements="7" conditionals="0" coveredconditionals="0" methods="0" coveredmethods="0"/>
        <line num="1" count="4" type="stmt"/>
        <line num="42" count="4" type="stmt"/>
        <line num="86" count="4" type="stmt"/>
        <line num="124" count="4" type="stmt"/>
        <line num="126" count="4" type="stmt"/>
        <line num="149" count="4" type="stmt"/>
        <line num="165" count="4" type="stmt"/>
      </file>
    </package>
  </project>
</coverage>
