{"C:\\Users\\shakstiw\\Documents\\TvShowAssessment-Shakshi\\tvshow\\src\\App.vue": {"path":"C:\\Users\\shakstiw\\Documents\\TvShowAssessment-Shakshi\\tvshow\\src\\App.vue","statementMap":{"0":{"start":{"line":10,"column":0},"end":{"line":10,"column":null}},"1":{"start":{"line":11,"column":0},"end":{"line":11,"column":null}}},"fnMap":{},"branchMap":{},"s":{"0":1,"1":1},"f":{},"b":{}}
,"C:\\Users\\shakstiw\\Documents\\TvShowAssessment-Shakshi\\tvshow\\src\\components\\ShowCast.vue": {"path":"C:\\Users\\shakstiw\\Documents\\TvShowAssessment-Shakshi\\tvshow\\src\\components\\ShowCast.vue","statementMap":{"0":{"start":{"line":28,"column":0},"end":{"line":28,"column":null}}},"fnMap":{"0":{"name":"(anonymous_1)","decl":{"start":{"line":27,"column":0},"end":{"line":27,"column":null}},"loc":{"start":{"line":27,"column":0},"end":{"line":29,"column":null}}}},"branchMap":{},"s":{"0":2},"f":{"0":2},"b":{}}
,"C:\\Users\\shakstiw\\Documents\\TvShowAssessment-Shakshi\\tvshow\\src\\components\\ShowDetails.vue": {"path":"C:\\Users\\shakstiw\\Documents\\TvShowAssessment-Shakshi\\tvshow\\src\\components\\ShowDetails.vue","statementMap":{"0":{"start":{"line":103,"column":0},"end":{"line":103,"column":null}},"1":{"start":{"line":104,"column":0},"end":{"line":104,"column":null}},"2":{"start":{"line":112,"column":0},"end":{"line":112,"column":null}},"3":{"start":{"line":121,"column":0},"end":{"line":127,"column":null}},"4":{"start":{"line":122,"column":0},"end":{"line":122,"column":null}},"5":{"start":{"line":123,"column":0},"end":{"line":123,"column":null}},"6":{"start":{"line":124,"column":0},"end":{"line":124,"column":null}},"7":{"start":{"line":126,"column":0},"end":{"line":126,"column":null}},"8":{"start":{"line":131,"column":0},"end":{"line":136,"column":null}},"9":{"start":{"line":132,"column":0},"end":{"line":132,"column":null}},"10":{"start":{"line":133,"column":0},"end":{"line":133,"column":null}},"11":{"start":{"line":135,"column":0},"end":{"line":135,"column":null}},"12":{"start":{"line":140,"column":0},"end":{"line":140,"column":null}},"13":{"start":{"line":141,"column":0},"end":{"line":141,"column":null}}},"fnMap":{"0":{"name":"(anonymous_1)","decl":{"start":{"line":111,"column":0},"end":{"line":111,"column":null}},"loc":{"start":{"line":111,"column":0},"end":{"line":118,"column":null}}},"1":{"name":"(anonymous_2)","decl":{"start":{"line":120,"column":0},"end":{"line":120,"column":null}},"loc":{"start":{"line":120,"column":0},"end":{"line":128,"column":null}}},"2":{"name":"(anonymous_3)","decl":{"start":{"line":130,"column":0},"end":{"line":130,"column":null}},"loc":{"start":{"line":130,"column":0},"end":{"line":137,"column":null}}},"3":{"name":"(anonymous_4)","decl":{"start":{"line":139,"column":0},"end":{"line":139,"column":null}},"loc":{"start":{"line":139,"column":0},"end":{"line":142,"column":null}}}},"branchMap":{},"s":{"0":1,"1":1,"2":3,"3":3,"4":3,"5":3,"6":3,"7":0,"8":3,"9":3,"10":3,"11":0,"12":3,"13":3},"f":{"0":3,"1":3,"2":3,"3":3},"b":{}}
,"C:\\Users\\shakstiw\\Documents\\TvShowAssessment-Shakshi\\tvshow\\src\\components\\ShowSearch.vue": {"path":"C:\\Users\\shakstiw\\Documents\\TvShowAssessment-Shakshi\\tvshow\\src\\components\\ShowSearch.vue","statementMap":{"0":{"start":{"line":51,"column":0},"end":{"line":51,"column":null}},"1":{"start":{"line":52,"column":0},"end":{"line":52,"column":null}},"2":{"start":{"line":58,"column":0},"end":{"line":58,"column":null}},"3":{"start":{"line":66,"column":0},"end":{"line":66,"column":null}},"4":{"start":{"line":67,"column":0},"end":{"line":67,"column":null}},"5":{"start":{"line":70,"column":0},"end":{"line":70,"column":null}},"6":{"start":{"line":71,"column":0},"end":{"line":71,"column":null}}},"fnMap":{"0":{"name":"(anonymous_1)","decl":{"start":{"line":57,"column":0},"end":{"line":57,"column":null}},"loc":{"start":{"line":57,"column":0},"end":{"line":63,"column":null}}},"1":{"name":"(anonymous_2)","decl":{"start":{"line":65,"column":0},"end":{"line":65,"column":null}},"loc":{"start":{"line":65,"column":0},"end":{"line":72,"column":null}}},"2":{"name":"(anonymous_3)","decl":{"start":{"line":67,"column":0},"end":{"line":67,"column":null}},"loc":{"start":{"line":67,"column":0},"end":{"line":67,"column":null}}}},"branchMap":{},"s":{"0":2,"1":2,"2":7,"3":1,"4":0,"5":0,"6":0},"f":{"0":7,"1":1,"2":0},"b":{}}
,"C:\\Users\\shakstiw\\Documents\\TvShowAssessment-Shakshi\\tvshow\\src\\router\\index.js": {"path":"C:\\Users\\shakstiw\\Documents\\TvShowAssessment-Shakshi\\tvshow\\src\\router\\index.js","statementMap":{"0":{"start":{"line":8,"column":0},"end":{"line":8,"column":19}},"1":{"start":{"line":10,"column":15},"end":{"line":31,"column":1}},"2":{"start":{"line":33,"column":15},"end":{"line":37,"column":2}}},"fnMap":{},"branchMap":{},"s":{"0":1,"1":1,"2":1},"f":{},"b":{},"_coverageSchema":"43e27e138ebf9cfc5966b082cf9a028302ed4184","hash":"c8541afb613f7ab7ce66cd5eb071a0062fa3f5b3"}
,"C:\\Users\\shakstiw\\Documents\\TvShowAssessment-Shakshi\\tvshow\\src\\services\\tvshow.service.js": {"path":"C:\\Users\\shakstiw\\Documents\\TvShowAssessment-Shakshi\\tvshow\\src\\services\\tvshow.service.js","statementMap":{"0":{"start":{"line":4,"column":2},"end":{"line":4,"column":50}},"1":{"start":{"line":7,"column":2},"end":{"line":7,"column":60}},"2":{"start":{"line":10,"column":2},"end":{"line":10,"column":65}},"3":{"start":{"line":13,"column":2},"end":{"line":13,"column":71}}},"fnMap":{"0":{"name":"getAllShow","decl":{"start":{"line":3,"column":9},"end":{"line":3,"column":19}},"loc":{"start":{"line":3,"column":22},"end":{"line":5,"column":1}},"line":3},"1":{"name":"getShowInfo","decl":{"start":{"line":6,"column":9},"end":{"line":6,"column":20}},"loc":{"start":{"line":6,"column":29},"end":{"line":8,"column":1}},"line":6},"2":{"name":"getShowCast","decl":{"start":{"line":9,"column":9},"end":{"line":9,"column":20}},"loc":{"start":{"line":9,"column":29},"end":{"line":11,"column":1}},"line":9},"3":{"name":"getSearchShow","decl":{"start":{"line":12,"column":9},"end":{"line":12,"column":22}},"loc":{"start":{"line":12,"column":33},"end":{"line":14,"column":1}},"line":12}},"branchMap":{},"s":{"0":5,"1":4,"2":3,"3":2},"f":{"0":5,"1":4,"2":3,"3":2},"b":{},"_coverageSchema":"43e27e138ebf9cfc5966b082cf9a028302ed4184","hash":"103e65ef0077056b492bfd340d9615d7182152a5"}
,"C:\\Users\\shakstiw\\Documents\\TvShowAssessment-Shakshi\\tvshow\\src\\views\\Home.vue": {"path":"C:\\Users\\shakstiw\\Documents\\TvShowAssessment-Shakshi\\tvshow\\src\\views\\Home.vue","statementMap":{"0":{"start":{"line":36,"column":0},"end":{"line":36,"column":null}},"1":{"start":{"line":37,"column":0},"end":{"line":37,"column":null}},"2":{"start":{"line":41,"column":0},"end":{"line":41,"column":null}},"3":{"start":{"line":51,"column":0},"end":{"line":51,"column":null}},"4":{"start":{"line":54,"column":0},"end":{"line":54,"column":null}},"5":{"start":{"line":57,"column":0},"end":{"line":62,"column":null}},"6":{"start":{"line":58,"column":0},"end":{"line":58,"column":null}},"7":{"start":{"line":60,"column":0},"end":{"line":60,"column":null}},"8":{"start":{"line":68,"column":0},"end":{"line":68,"column":null}},"9":{"start":{"line":69,"column":0},"end":{"line":69,"column":null}},"10":{"start":{"line":70,"column":0},"end":{"line":70,"column":null}},"11":{"start":{"line":73,"column":0},"end":{"line":73,"column":null}},"12":{"start":{"line":81,"column":0},"end":{"line":81,"column":null}}},"fnMap":{"0":{"name":"(anonymous_1)","decl":{"start":{"line":40,"column":0},"end":{"line":40,"column":null}},"loc":{"start":{"line":40,"column":0},"end":{"line":45,"column":null}}},"1":{"name":"(anonymous_2)","decl":{"start":{"line":50,"column":0},"end":{"line":50,"column":null}},"loc":{"start":{"line":50,"column":0},"end":{"line":55,"column":null}}},"2":{"name":"(anonymous_3)","decl":{"start":{"line":51,"column":0},"end":{"line":51,"column":null}},"loc":{"start":{"line":51,"column":0},"end":{"line":51,"column":null}}},"3":{"name":"(anonymous_4)","decl":{"start":{"line":56,"column":0},"end":{"line":56,"column":null}},"loc":{"start":{"line":56,"column":0},"end":{"line":63,"column":null}}},"4":{"name":"(anonymous_5)","decl":{"start":{"line":57,"column":0},"end":{"line":57,"column":null}},"loc":{"start":{"line":57,"column":0},"end":{"line":62,"column":null}}},"5":{"name":"(anonymous_6)","decl":{"start":{"line":60,"column":0},"end":{"line":60,"column":null}},"loc":{"start":{"line":60,"column":0},"end":{"line":60,"column":null}}},"6":{"name":"(anonymous_7)","decl":{"start":{"line":67,"column":0},"end":{"line":67,"column":null}},"loc":{"start":{"line":67,"column":0},"end":{"line":71,"column":null}}},"7":{"name":"(anonymous_8)","decl":{"start":{"line":72,"column":0},"end":{"line":72,"column":null}},"loc":{"start":{"line":72,"column":0},"end":{"line":78,"column":null}}},"8":{"name":"(anonymous_9)","decl":{"start":{"line":73,"column":0},"end":{"line":73,"column":null}},"loc":{"start":{"line":73,"column":0},"end":{"line":73,"column":null}}},"9":{"name":"(anonymous_11)","decl":{"start":{"line":80,"column":0},"end":{"line":80,"column":null}},"loc":{"start":{"line":80,"column":0},"end":{"line":82,"column":null}}}},"branchMap":{"0":{"loc":{"start":{"line":73,"column":0},"end":{"line":73,"column":null}},"type":"cond-expr","locations":[{"start":{"line":73,"column":0},"end":{"line":73,"column":null}},{"start":{"line":73,"column":0},"end":{"line":73,"column":null}}]}},"s":{"0":2,"1":2,"2":4,"3":8,"4":5,"5":5,"6":3,"7":9,"8":4,"9":0,"10":0,"11":10,"12":4},"f":{"0":4,"1":5,"2":3,"3":5,"4":3,"5":9,"6":4,"7":2,"8":8,"9":4},"b":{"0":[1,1]}}
,"C:\\Users\\shakstiw\\Documents\\TvShowAssessment-Shakshi\\tvshow\\tests\\unit\\testmockdata.js": {"path":"C:\\Users\\shakstiw\\Documents\\TvShowAssessment-Shakshi\\tvshow\\tests\\unit\\testmockdata.js","statementMap":{"0":{"start":{"line":1,"column":27},"end":{"line":40,"column":1}},"1":{"start":{"line":42,"column":26},"end":{"line":84,"column":1}},"2":{"start":{"line":86,"column":27},"end":{"line":122,"column":1}},"3":{"start":{"line":124,"column":26},"end":{"line":124,"column":57}},"4":{"start":{"line":126,"column":25},"end":{"line":148,"column":1}},"5":{"start":{"line":149,"column":31},"end":{"line":164,"column":1}},"6":{"start":{"line":165,"column":33},"end":{"line":187,"column":1}}},"fnMap":{},"branchMap":{},"s":{"0":4,"1":4,"2":4,"3":4,"4":4,"5":4,"6":4},"f":{},"b":{},"_coverageSchema":"43e27e138ebf9cfc5966b082cf9a028302ed4184","hash":"72057dd689116031aef7c60deaa4ce8c679899fa"}
}
