TN:
SF:C:\Users\shakstiw\Documents\TvShowAssessment-Shakshi\tvshow\src\App.vue
FNF:0
FNH:0
DA:10,1
DA:11,1
LF:2
LH:2
BRF:0
BRH:0
end_of_record
TN:
SF:C:\Users\shakstiw\Documents\TvShowAssessment-Shakshi\tvshow\src\components\ShowCast.vue
FN:27,(anonymous_1)
FNF:1
FNH:1
FNDA:2,(anonymous_1)
DA:28,2
LF:1
LH:1
BRF:0
BRH:0
end_of_record
TN:
SF:C:\Users\shakstiw\Documents\TvShowAssessment-Shakshi\tvshow\src\components\ShowDetails.vue
FN:111,(anonymous_1)
FN:120,(anonymous_2)
FN:130,(anonymous_3)
FN:139,(anonymous_4)
FNF:4
FNH:4
FNDA:3,(anonymous_1)
FNDA:3,(anonymous_2)
FNDA:3,(anonymous_3)
FNDA:3,(anonymous_4)
DA:103,1
DA:104,1
DA:112,3
DA:121,3
DA:122,3
DA:123,3
DA:124,3
DA:126,0
DA:131,3
DA:132,3
DA:133,3
DA:135,0
DA:140,3
DA:141,3
LF:14
LH:12
BRF:0
BRH:0
end_of_record
TN:
SF:C:\Users\shakstiw\Documents\TvShowAssessment-Shakshi\tvshow\src\components\ShowSearch.vue
FN:57,(anonymous_1)
FN:65,(anonymous_2)
FN:67,(anonymous_3)
FNF:3
FNH:2
FNDA:7,(anonymous_1)
FNDA:1,(anonymous_2)
FNDA:0,(anonymous_3)
DA:51,2
DA:52,2
DA:58,7
DA:66,1
DA:67,0
DA:70,0
DA:71,0
LF:7
LH:4
BRF:0
BRH:0
end_of_record
TN:
SF:C:\Users\shakstiw\Documents\TvShowAssessment-Shakshi\tvshow\src\router\index.js
FNF:0
FNH:0
DA:8,1
DA:10,1
DA:33,1
LF:3
LH:3
BRF:0
BRH:0
end_of_record
TN:
SF:C:\Users\shakstiw\Documents\TvShowAssessment-Shakshi\tvshow\src\services\tvshow.service.js
FN:3,getAllShow
FN:6,getShowInfo
FN:9,getShowCast
FN:12,getSearchShow
FNF:4
FNH:4
FNDA:5,getAllShow
FNDA:4,getShowInfo
FNDA:3,getShowCast
FNDA:2,getSearchShow
DA:4,5
DA:7,4
DA:10,3
DA:13,2
LF:4
LH:4
BRF:0
BRH:0
end_of_record
TN:
SF:C:\Users\shakstiw\Documents\TvShowAssessment-Shakshi\tvshow\src\views\Home.vue
FN:40,(anonymous_1)
FN:50,(anonymous_2)
FN:51,(anonymous_3)
FN:56,(anonymous_4)
FN:57,(anonymous_5)
FN:60,(anonymous_6)
FN:67,(anonymous_7)
FN:72,(anonymous_8)
FN:73,(anonymous_9)
FN:80,(anonymous_11)
FNF:10
FNH:10
FNDA:4,(anonymous_1)
FNDA:5,(anonymous_2)
FNDA:3,(anonymous_3)
FNDA:5,(anonymous_4)
FNDA:3,(anonymous_5)
FNDA:9,(anonymous_6)
FNDA:4,(anonymous_7)
FNDA:2,(anonymous_8)
FNDA:8,(anonymous_9)
FNDA:4,(anonymous_11)
DA:36,2
DA:37,2
DA:41,4
DA:51,8
DA:54,5
DA:57,5
DA:58,3
DA:60,9
DA:68,4
DA:69,0
DA:70,0
DA:73,10
DA:81,4
LF:13
LH:11
BRDA:73,0,0,1
BRDA:73,0,1,1
BRF:2
BRH:2
end_of_record
TN:
SF:C:\Users\shakstiw\Documents\TvShowAssessment-Shakshi\tvshow\tests\unit\testmockdata.js
FNF:0
FNH:0
DA:1,4
DA:42,4
DA:86,4
DA:124,4
DA:126,4
DA:149,4
DA:165,4
LF:7
LH:7
BRF:0
BRH:0
end_of_record
